2023-12-07 00:30:26,581 DEBUG org.adapter.controller.Controller: Market Order Created, data: {"symbol": "SOLUSD","side": "Buy","orderQty": "3.0"}
2023-12-07 00:30:27,814 DEBUG org.adapter.controller.Controller: Limit Order Created, data: {"symbol": "SOLUSD","side": "Buy","ordType": "Limit","price": "63.42","orderQty": "3"}
2023-12-07 00:30:27,904 DEBUG org.adapter.controller.Controller: Limit Order Created, data: {"symbol": "SOLUSD","side": "Buy","ordType": "Limit","price": "62.97","orderQty": "3"}
2023-12-07 00:30:28,016 DEBUG org.adapter.controller.Controller: Limit Order Created, data: {"symbol": "SOLUSD","side": "Buy","ordType": "Limit","price": "62.52","orderQty": "3"}
2023-12-07 00:30:28,110 DEBUG org.adapter.controller.Controller: Limit Order Created, data: {"symbol": "SOLUSD","side": "Buy","ordType": "Limit","price": "62.08","orderQty": "3"}
2023-12-07 00:30:28,209 DEBUG org.adapter.controller.Controller: Limit Order Created, data: {"symbol": "SOLUSD","side": "Buy","ordType": "Limit","price": "61.64","orderQty": "3"}
2023-12-07 00:30:28,307 DEBUG org.adapter.controller.Controller: Limit Order Created, data: {"symbol": "SOLUSD","side": "Buy","ordType": "Limit","price": "61.2","orderQty": "3"}
2023-12-07 00:30:28,400 DEBUG org.adapter.controller.Controller: Limit Order Created, data: {"symbol": "SOLUSD","side": "Buy","ordType": "Limit","price": "60.77","orderQty": "3"}
2023-12-07 00:30:28,487 DEBUG org.adapter.controller.Controller: Limit Order Created, data: {"symbol": "SOLUSD","side": "Buy","ordType": "Limit","price": "60.34","orderQty": "3"}
2023-12-07 00:30:28,579 DEBUG org.adapter.controller.Controller: Limit Order Created, data: {"symbol": "SOLUSD","side": "Buy","ordType": "Limit","price": "59.91","orderQty": "3"}
2023-12-07 00:30:28,666 DEBUG org.adapter.controller.Controller: Limit Order Created, data: {"symbol": "SOLUSD","side": "Buy","ordType": "Limit","price": "59.49","orderQty": "3"}
2023-12-07 00:30:28,758 DEBUG org.adapter.controller.Controller: Limit Order Created, data: {"symbol": "SOLUSD","side": "Buy","ordType": "Limit","price": "59.07","orderQty": "3"}
2023-12-07 00:30:28,844 DEBUG org.adapter.controller.Controller: Limit Order Created, data: {"symbol": "SOLUSD","side": "Buy","ordType": "Limit","price": "58.65","orderQty": "3"}
2023-12-07 00:30:28,943 DEBUG org.adapter.controller.Controller: Limit Order Created, data: {"symbol": "SOLUSD","side": "Buy","ordType": "Limit","price": "58.23","orderQty": "3"}
2023-12-07 00:30:29,032 DEBUG org.adapter.controller.Controller: Limit Order Created, data: {"symbol": "SOLUSD","side": "Buy","ordType": "Limit","price": "57.82","orderQty": "3"}
2023-12-07 00:30:29,116 DEBUG org.adapter.controller.Controller: Limit Order Created, data: {"symbol": "SOLUSD","side": "Buy","ordType": "Limit","price": "57.41","orderQty": "3"}
2023-12-07 01:08:52,823 DEBUG org.adapter.controller.Controller: Market Order Created, data: {"symbol": "SOLUSD","side": "Buy","orderQty": "3.0"}
2023-12-07 01:08:53,998 DEBUG org.adapter.controller.Controller: Limit Order Created, data: {"symbol": "SOLUSD","side": "Buy","ordType": "Limit","price": "62.95","orderQty": "3"}
2023-12-07 01:08:54,092 DEBUG org.adapter.controller.Controller: Limit Order Created, data: {"symbol": "SOLUSD","side": "Buy","ordType": "Limit","price": "62.5","orderQty": "3"}
2023-12-07 01:08:54,185 DEBUG org.adapter.controller.Controller: Limit Order Created, data: {"symbol": "SOLUSD","side": "Buy","ordType": "Limit","price": "62.06","orderQty": "3"}
2023-12-07 01:08:54,279 DEBUG org.adapter.controller.Controller: Limit Order Created, data: {"symbol": "SOLUSD","side": "Buy","ordType": "Limit","price": "61.62","orderQty": "3"}
2023-12-07 01:08:54,373 DEBUG org.adapter.controller.Controller: Limit Order Created, data: {"symbol": "SOLUSD","side": "Buy","ordType": "Limit","price": "61.18","orderQty": "3"}
2023-12-07 01:08:54,467 DEBUG org.adapter.controller.Controller: Limit Order Created, data: {"symbol": "SOLUSD","side": "Buy","ordType": "Limit","price": "60.75","orderQty": "3"}
2023-12-07 01:08:54,560 DEBUG org.adapter.controller.Controller: Limit Order Created, data: {"symbol": "SOLUSD","side": "Buy","ordType": "Limit","price": "60.32","orderQty": "3"}
2023-12-07 01:08:54,654 DEBUG org.adapter.controller.Controller: Limit Order Created, data: {"symbol": "SOLUSD","side": "Buy","ordType": "Limit","price": "59.89","orderQty": "3"}
2023-12-07 01:08:54,739 DEBUG org.adapter.controller.Controller: Limit Order Created, data: {"symbol": "SOLUSD","side": "Buy","ordType": "Limit","price": "59.47","orderQty": "3"}
2023-12-07 01:08:54,833 DEBUG org.adapter.controller.Controller: Limit Order Created, data: {"symbol": "SOLUSD","side": "Buy","ordType": "Limit","price": "59.05","orderQty": "3"}
2023-12-07 01:08:54,927 DEBUG org.adapter.controller.Controller: Limit Order Created, data: {"symbol": "SOLUSD","side": "Buy","ordType": "Limit","price": "58.63","orderQty": "3"}
2023-12-07 01:08:55,005 DEBUG org.adapter.controller.Controller: Limit Order Created, data: {"symbol": "SOLUSD","side": "Buy","ordType": "Limit","price": "58.21","orderQty": "3"}
2023-12-07 01:08:55,099 DEBUG org.adapter.controller.Controller: Limit Order Created, data: {"symbol": "SOLUSD","side": "Buy","ordType": "Limit","price": "57.8","orderQty": "3"}
2023-12-07 01:08:55,192 DEBUG org.adapter.controller.Controller: Limit Order Created, data: {"symbol": "SOLUSD","side": "Buy","ordType": "Limit","price": "57.39","orderQty": "3"}
2023-12-07 01:08:55,286 DEBUG org.adapter.controller.Controller: Limit Order Created, data: {"symbol": "SOLUSD","side": "Buy","ordType": "Limit","price": "56.98","orderQty": "3"}
2023-12-07 01:39:56,144 DEBUG org.adapter.controller.Controller: Market Order Created, data: {"symbol": "SOLUSD","side": "Buy","orderQty": "3.0"}
2023-12-07 01:39:57,320 DEBUG org.adapter.controller.Controller: Limit Order Created, data: {"symbol": "SOLUSD","side": "Buy","ordType": "Limit","price": "62.71","orderQty": "3"}
2023-12-07 01:39:57,429 DEBUG org.adapter.controller.Controller: Limit Order Created, data: {"symbol": "SOLUSD","side": "Buy","ordType": "Limit","price": "62.27","orderQty": "3"}
2023-12-07 01:39:57,508 DEBUG org.adapter.controller.Controller: Limit Order Created, data: {"symbol": "SOLUSD","side": "Buy","ordType": "Limit","price": "61.83","orderQty": "3"}
2023-12-07 01:39:57,617 DEBUG org.adapter.controller.Controller: Limit Order Created, data: {"symbol": "SOLUSD","side": "Buy","ordType": "Limit","price": "61.39","orderQty": "3"}
2023-12-07 01:39:57,773 DEBUG org.adapter.controller.Controller: Limit Order Created, data: {"symbol": "SOLUSD","side": "Buy","ordType": "Limit","price": "60.96","orderQty": "3"}
2023-12-07 01:39:57,867 DEBUG org.adapter.controller.Controller: Limit Order Created, data: {"symbol": "SOLUSD","side": "Buy","ordType": "Limit","price": "60.53","orderQty": "3"}
2023-12-07 01:39:57,945 DEBUG org.adapter.controller.Controller: Limit Order Created, data: {"symbol": "SOLUSD","side": "Buy","ordType": "Limit","price": "60.1","orderQty": "3"}
2023-12-07 01:39:58,070 DEBUG org.adapter.controller.Controller: Limit Order Created, data: {"symbol": "SOLUSD","side": "Buy","ordType": "Limit","price": "59.67","orderQty": "3"}
2023-12-07 01:39:58,148 DEBUG org.adapter.controller.Controller: Limit Order Created, data: {"symbol": "SOLUSD","side": "Buy","ordType": "Limit","price": "59.25","orderQty": "3"}
2023-12-07 01:39:58,258 DEBUG org.adapter.controller.Controller: Limit Order Created, data: {"symbol": "SOLUSD","side": "Buy","ordType": "Limit","price": "58.83","orderQty": "3"}
2023-12-07 01:39:58,383 DEBUG org.adapter.controller.Controller: Limit Order Created, data: {"symbol": "SOLUSD","side": "Buy","ordType": "Limit","price": "58.41","orderQty": "3"}
2023-12-07 01:39:58,476 DEBUG org.adapter.controller.Controller: Limit Order Created, data: {"symbol": "SOLUSD","side": "Buy","ordType": "Limit","price": "58.0","orderQty": "3"}
2023-12-07 01:39:58,554 DEBUG org.adapter.controller.Controller: Limit Order Created, data: {"symbol": "SOLUSD","side": "Buy","ordType": "Limit","price": "57.59","orderQty": "3"}
2023-12-07 01:39:58,648 DEBUG org.adapter.controller.Controller: Limit Order Created, data: {"symbol": "SOLUSD","side": "Buy","ordType": "Limit","price": "57.18","orderQty": "3"}
2023-12-07 01:39:58,726 DEBUG org.adapter.controller.Controller: Limit Order Created, data: {"symbol": "SOLUSD","side": "Buy","ordType": "Limit","price": "56.77","orderQty": "3"}
2023-12-07 02:59:17,661 DEBUG org.adapter.controller.Controller: Market Order Created, data: {"symbol": "SOLUSD","side": "Buy","orderQty": "3.0"}
2023-12-07 02:59:19,068 DEBUG org.adapter.controller.Controller: Limit Order Created, data: {"symbol": "SOLUSD","side": "Buy","ordType": "Limit","price": "62.48","orderQty": "3"}
2023-12-07 02:59:19,162 DEBUG org.adapter.controller.Controller: Limit Order Created, data: {"symbol": "SOLUSD","side": "Buy","ordType": "Limit","price": "62.04","orderQty": "3"}
2023-12-07 02:59:19,271 DEBUG org.adapter.controller.Controller: Limit Order Created, data: {"symbol": "SOLUSD","side": "Buy","ordType": "Limit","price": "61.6","orderQty": "3"}
2023-12-07 02:59:19,380 DEBUG org.adapter.controller.Controller: Limit Order Created, data: {"symbol": "SOLUSD","side": "Buy","ordType": "Limit","price": "61.16","orderQty": "3"}
2023-12-07 02:59:19,474 DEBUG org.adapter.controller.Controller: Limit Order Created, data: {"symbol": "SOLUSD","side": "Buy","ordType": "Limit","price": "60.73","orderQty": "3"}
2023-12-07 02:59:19,568 DEBUG org.adapter.controller.Controller: Limit Order Created, data: {"symbol": "SOLUSD","side": "Buy","ordType": "Limit","price": "60.3","orderQty": "3"}
2023-12-07 02:59:19,677 DEBUG org.adapter.controller.Controller: Limit Order Created, data: {"symbol": "SOLUSD","side": "Buy","ordType": "Limit","price": "59.87","orderQty": "3"}
2023-12-07 02:59:19,755 DEBUG org.adapter.controller.Controller: Limit Order Created, data: {"symbol": "SOLUSD","side": "Buy","ordType": "Limit","price": "59.45","orderQty": "3"}
2023-12-07 02:59:19,880 DEBUG org.adapter.controller.Controller: Limit Order Created, data: {"symbol": "SOLUSD","side": "Buy","ordType": "Limit","price": "59.03","orderQty": "3"}
2023-12-07 02:59:19,990 DEBUG org.adapter.controller.Controller: Limit Order Created, data: {"symbol": "SOLUSD","side": "Buy","ordType": "Limit","price": "58.61","orderQty": "3"}
2023-12-07 02:59:20,084 DEBUG org.adapter.controller.Controller: Limit Order Created, data: {"symbol": "SOLUSD","side": "Buy","ordType": "Limit","price": "58.19","orderQty": "3"}
2023-12-07 02:59:20,177 DEBUG org.adapter.controller.Controller: Limit Order Created, data: {"symbol": "SOLUSD","side": "Buy","ordType": "Limit","price": "57.78","orderQty": "3"}
2023-12-07 02:59:20,271 DEBUG org.adapter.controller.Controller: Limit Order Created, data: {"symbol": "SOLUSD","side": "Buy","ordType": "Limit","price": "57.37","orderQty": "3"}
2023-12-07 02:59:20,365 DEBUG org.adapter.controller.Controller: Limit Order Created, data: {"symbol": "SOLUSD","side": "Buy","ordType": "Limit","price": "56.96","orderQty": "3"}
2023-12-07 02:59:20,458 DEBUG org.adapter.controller.Controller: Limit Order Created, data: {"symbol": "SOLUSD","side": "Buy","ordType": "Limit","price": "56.56","orderQty": "3"}
2023-12-07 03:15:39,696 DEBUG org.adapter.controller.Controller: Position close for ticker: SOLUSD
2023-12-07 03:38:43,734 DEBUG org.adapter.controller.Controller: Market Order Created, data: {"symbol": "SOLUSD","side": "Buy","orderQty": "3.0"}
2023-12-07 03:38:44,910 DEBUG org.adapter.controller.Controller: Limit Order Created, data: {"symbol": "SOLUSD","side": "Buy","ordType": "Limit","price": "62.53","orderQty": "3"}
2023-12-07 03:38:44,998 DEBUG org.adapter.controller.Controller: Limit Order Created, data: {"symbol": "SOLUSD","side": "Buy","ordType": "Limit","price": "62.09","orderQty": "3"}
2023-12-07 03:38:45,086 DEBUG org.adapter.controller.Controller: Limit Order Created, data: {"symbol": "SOLUSD","side": "Buy","ordType": "Limit","price": "61.65","orderQty": "3"}
2023-12-07 03:38:45,353 DEBUG org.adapter.controller.Controller: Limit Order Created, data: {"symbol": "SOLUSD","side": "Buy","ordType": "Limit","price": "61.21","orderQty": "3"}
2023-12-07 03:38:45,449 DEBUG org.adapter.controller.Controller: Limit Order Created, data: {"symbol": "SOLUSD","side": "Buy","ordType": "Limit","price": "60.78","orderQty": "3"}
2023-12-07 03:38:45,535 DEBUG org.adapter.controller.Controller: Limit Order Created, data: {"symbol": "SOLUSD","side": "Buy","ordType": "Limit","price": "60.35","orderQty": "3"}
2023-12-07 03:38:45,625 DEBUG org.adapter.controller.Controller: Limit Order Created, data: {"symbol": "SOLUSD","side": "Buy","ordType": "Limit","price": "59.92","orderQty": "3"}
2023-12-07 03:38:45,717 DEBUG org.adapter.controller.Controller: Limit Order Created, data: {"symbol": "SOLUSD","side": "Buy","ordType": "Limit","price": "59.5","orderQty": "3"}
2023-12-07 03:38:45,804 DEBUG org.adapter.controller.Controller: Limit Order Created, data: {"symbol": "SOLUSD","side": "Buy","ordType": "Limit","price": "59.08","orderQty": "3"}
2023-12-07 03:38:45,893 DEBUG org.adapter.controller.Controller: Limit Order Created, data: {"symbol": "SOLUSD","side": "Buy","ordType": "Limit","price": "58.66","orderQty": "3"}
2023-12-07 03:38:45,981 DEBUG org.adapter.controller.Controller: Limit Order Created, data: {"symbol": "SOLUSD","side": "Buy","ordType": "Limit","price": "58.24","orderQty": "3"}
2023-12-07 03:38:46,063 DEBUG org.adapter.controller.Controller: Limit Order Created, data: {"symbol": "SOLUSD","side": "Buy","ordType": "Limit","price": "57.83","orderQty": "3"}
2023-12-07 03:38:46,152 DEBUG org.adapter.controller.Controller: Limit Order Created, data: {"symbol": "SOLUSD","side": "Buy","ordType": "Limit","price": "57.42","orderQty": "3"}
2023-12-07 03:38:46,267 DEBUG org.adapter.controller.Controller: Limit Order Created, data: {"symbol": "SOLUSD","side": "Buy","ordType": "Limit","price": "57.01","orderQty": "3"}
2023-12-07 03:38:46,358 DEBUG org.adapter.controller.Controller: Limit Order Created, data: {"symbol": "SOLUSD","side": "Buy","ordType": "Limit","price": "56.61","orderQty": "3"}
2023-12-07 04:10:36,584 DEBUG org.adapter.controller.Controller: Market Order Created, data: {"symbol": "SOLUSD","side": "Buy","orderQty": "3.0"}
2023-12-07 04:10:37,756 DEBUG org.adapter.controller.Controller: Limit Order Created, data: {"symbol": "SOLUSD","side": "Buy","ordType": "Limit","price": "62.3","orderQty": "3"}
2023-12-07 04:10:38,006 DEBUG org.adapter.controller.Controller: Limit Order Created, data: {"symbol": "SOLUSD","side": "Buy","ordType": "Limit","price": "61.86","orderQty": "3"}
2023-12-07 04:10:38,115 DEBUG org.adapter.controller.Controller: Limit Order Created, data: {"symbol": "SOLUSD","side": "Buy","ordType": "Limit","price": "61.42","orderQty": "3"}
2023-12-07 04:10:38,193 DEBUG org.adapter.controller.Controller: Limit Order Created, data: {"symbol": "SOLUSD","side": "Buy","ordType": "Limit","price": "60.99","orderQty": "3"}
2023-12-07 04:10:38,287 DEBUG org.adapter.controller.Controller: Limit Order Created, data: {"symbol": "SOLUSD","side": "Buy","ordType": "Limit","price": "60.56","orderQty": "3"}
2023-12-07 04:10:38,365 DEBUG org.adapter.controller.Controller: Limit Order Created, data: {"symbol": "SOLUSD","side": "Buy","ordType": "Limit","price": "60.13","orderQty": "3"}
2023-12-07 04:10:38,459 DEBUG org.adapter.controller.Controller: Limit Order Created, data: {"symbol": "SOLUSD","side": "Buy","ordType": "Limit","price": "59.7","orderQty": "3"}
2023-12-07 04:10:38,537 DEBUG org.adapter.controller.Controller: Limit Order Created, data: {"symbol": "SOLUSD","side": "Buy","ordType": "Limit","price": "59.28","orderQty": "3"}
2023-12-07 04:10:38,615 DEBUG org.adapter.controller.Controller: Limit Order Created, data: {"symbol": "SOLUSD","side": "Buy","ordType": "Limit","price": "58.86","orderQty": "3"}
2023-12-07 04:10:38,725 DEBUG org.adapter.controller.Controller: Limit Order Created, data: {"symbol": "SOLUSD","side": "Buy","ordType": "Limit","price": "58.44","orderQty": "3"}
2023-12-07 04:10:38,838 DEBUG org.adapter.controller.Controller: Limit Order Created, data: {"symbol": "SOLUSD","side": "Buy","ordType": "Limit","price": "58.03","orderQty": "3"}
2023-12-07 04:10:38,917 DEBUG org.adapter.controller.Controller: Limit Order Created, data: {"symbol": "SOLUSD","side": "Buy","ordType": "Limit","price": "57.62","orderQty": "3"}
2023-12-07 04:10:38,995 DEBUG org.adapter.controller.Controller: Limit Order Created, data: {"symbol": "SOLUSD","side": "Buy","ordType": "Limit","price": "57.21","orderQty": "3"}
2023-12-07 04:10:39,074 DEBUG org.adapter.controller.Controller: Limit Order Created, data: {"symbol": "SOLUSD","side": "Buy","ordType": "Limit","price": "56.8","orderQty": "3"}
2023-12-07 04:10:39,152 DEBUG org.adapter.controller.Controller: Limit Order Created, data: {"symbol": "SOLUSD","side": "Buy","ordType": "Limit","price": "56.4","orderQty": "3"}
2023-12-07 04:41:19,814 DEBUG org.adapter.controller.Controller: Market Order Created, data: {"symbol": "SOLUSD","side": "Buy","orderQty": "3.0"}
2023-12-07 04:41:21,176 DEBUG org.adapter.controller.Controller: Limit Order Created, data: {"symbol": "SOLUSD","side": "Buy","ordType": "Limit","price": "62.3","orderQty": "3"}
2023-12-07 04:41:21,254 DEBUG org.adapter.controller.Controller: Limit Order Created, data: {"symbol": "SOLUSD","side": "Buy","ordType": "Limit","price": "61.86","orderQty": "3"}
2023-12-07 04:41:21,364 DEBUG org.adapter.controller.Controller: Limit Order Created, data: {"symbol": "SOLUSD","side": "Buy","ordType": "Limit","price": "61.42","orderQty": "3"}
2023-12-07 04:41:21,457 DEBUG org.adapter.controller.Controller: Limit Order Created, data: {"symbol": "SOLUSD","side": "Buy","ordType": "Limit","price": "60.99","orderQty": "3"}
2023-12-07 04:41:21,535 DEBUG org.adapter.controller.Controller: Limit Order Created, data: {"symbol": "SOLUSD","side": "Buy","ordType": "Limit","price": "60.56","orderQty": "3"}
2023-12-07 04:41:21,645 DEBUG org.adapter.controller.Controller: Limit Order Created, data: {"symbol": "SOLUSD","side": "Buy","ordType": "Limit","price": "60.13","orderQty": "3"}
2023-12-07 04:41:21,738 DEBUG org.adapter.controller.Controller: Limit Order Created, data: {"symbol": "SOLUSD","side": "Buy","ordType": "Limit","price": "59.7","orderQty": "3"}
2023-12-07 04:41:21,817 DEBUG org.adapter.controller.Controller: Limit Order Created, data: {"symbol": "SOLUSD","side": "Buy","ordType": "Limit","price": "59.28","orderQty": "3"}
2023-12-07 04:41:21,910 DEBUG org.adapter.controller.Controller: Limit Order Created, data: {"symbol": "SOLUSD","side": "Buy","ordType": "Limit","price": "58.86","orderQty": "3"}
2023-12-07 04:41:22,004 DEBUG org.adapter.controller.Controller: Limit Order Created, data: {"symbol": "SOLUSD","side": "Buy","ordType": "Limit","price": "58.44","orderQty": "3"}
2023-12-07 04:41:22,082 DEBUG org.adapter.controller.Controller: Limit Order Created, data: {"symbol": "SOLUSD","side": "Buy","ordType": "Limit","price": "58.03","orderQty": "3"}
2023-12-07 04:41:22,160 DEBUG org.adapter.controller.Controller: Limit Order Created, data: {"symbol": "SOLUSD","side": "Buy","ordType": "Limit","price": "57.62","orderQty": "3"}
2023-12-07 04:41:22,254 DEBUG org.adapter.controller.Controller: Limit Order Created, data: {"symbol": "SOLUSD","side": "Buy","ordType": "Limit","price": "57.21","orderQty": "3"}
2023-12-07 04:41:22,332 DEBUG org.adapter.controller.Controller: Limit Order Created, data: {"symbol": "SOLUSD","side": "Buy","ordType": "Limit","price": "56.8","orderQty": "3"}
2023-12-07 04:41:22,426 DEBUG org.adapter.controller.Controller: Limit Order Created, data: {"symbol": "SOLUSD","side": "Buy","ordType": "Limit","price": "56.4","orderQty": "3"}
2023-12-07 05:12:22,942 DEBUG org.adapter.controller.Controller: Market Order Created, data: {"symbol": "SOLUSD","side": "Buy","orderQty": "3.0"}
2023-12-07 05:12:24,137 DEBUG org.adapter.controller.Controller: Limit Order Created, data: {"symbol": "SOLUSD","side": "Buy","ordType": "Limit","price": "62.18","orderQty": "3"}
2023-12-07 05:12:24,247 DEBUG org.adapter.controller.Controller: Limit Order Created, data: {"symbol": "SOLUSD","side": "Buy","ordType": "Limit","price": "61.74","orderQty": "3"}
2023-12-07 05:12:24,346 DEBUG org.adapter.controller.Controller: Limit Order Created, data: {"symbol": "SOLUSD","side": "Buy","ordType": "Limit","price": "61.3","orderQty": "3"}
2023-12-07 05:12:24,460 DEBUG org.adapter.controller.Controller: Limit Order Created, data: {"symbol": "SOLUSD","side": "Buy","ordType": "Limit","price": "60.87","orderQty": "3"}
2023-12-07 05:12:24,547 DEBUG org.adapter.controller.Controller: Limit Order Created, data: {"symbol": "SOLUSD","side": "Buy","ordType": "Limit","price": "60.44","orderQty": "3"}
2023-12-07 05:12:24,649 DEBUG org.adapter.controller.Controller: Limit Order Created, data: {"symbol": "SOLUSD","side": "Buy","ordType": "Limit","price": "60.01","orderQty": "3"}
2023-12-07 05:12:24,733 DEBUG org.adapter.controller.Controller: Limit Order Created, data: {"symbol": "SOLUSD","side": "Buy","ordType": "Limit","price": "59.58","orderQty": "3"}
2023-12-07 05:12:24,819 DEBUG org.adapter.controller.Controller: Limit Order Created, data: {"symbol": "SOLUSD","side": "Buy","ordType": "Limit","price": "59.16","orderQty": "3"}
2023-12-07 05:12:24,913 DEBUG org.adapter.controller.Controller: Limit Order Created, data: {"symbol": "SOLUSD","side": "Buy","ordType": "Limit","price": "58.74","orderQty": "3"}
2023-12-07 05:12:25,007 DEBUG org.adapter.controller.Controller: Limit Order Created, data: {"symbol": "SOLUSD","side": "Buy","ordType": "Limit","price": "58.32","orderQty": "3"}
2023-12-07 05:12:25,100 DEBUG org.adapter.controller.Controller: Limit Order Created, data: {"symbol": "SOLUSD","side": "Buy","ordType": "Limit","price": "57.91","orderQty": "3"}
2023-12-07 05:12:25,181 DEBUG org.adapter.controller.Controller: Limit Order Created, data: {"symbol": "SOLUSD","side": "Buy","ordType": "Limit","price": "57.5","orderQty": "3"}
2023-12-07 05:12:25,265 DEBUG org.adapter.controller.Controller: Limit Order Created, data: {"symbol": "SOLUSD","side": "Buy","ordType": "Limit","price": "57.09","orderQty": "3"}
2023-12-07 05:12:25,346 DEBUG org.adapter.controller.Controller: Limit Order Created, data: {"symbol": "SOLUSD","side": "Buy","ordType": "Limit","price": "56.69","orderQty": "3"}
2023-12-07 05:12:25,435 DEBUG org.adapter.controller.Controller: Limit Order Created, data: {"symbol": "SOLUSD","side": "Buy","ordType": "Limit","price": "56.29","orderQty": "3"}
2023-12-07 05:43:05,921 DEBUG org.adapter.controller.Controller: Market Order Created, data: {"symbol": "SOLUSD","side": "Buy","orderQty": "3.0"}
2023-12-07 05:43:07,155 DEBUG org.adapter.controller.Controller: Limit Order Created, data: {"symbol": "SOLUSD","side": "Buy","ordType": "Limit","price": "62.18","orderQty": "3"}
2023-12-07 05:43:07,265 DEBUG org.adapter.controller.Controller: Limit Order Created, data: {"symbol": "SOLUSD","side": "Buy","ordType": "Limit","price": "61.74","orderQty": "3"}
2023-12-07 05:43:07,359 DEBUG org.adapter.controller.Controller: Limit Order Created, data: {"symbol": "SOLUSD","side": "Buy","ordType": "Limit","price": "61.3","orderQty": "3"}
2023-12-07 05:43:07,452 DEBUG org.adapter.controller.Controller: Limit Order Created, data: {"symbol": "SOLUSD","side": "Buy","ordType": "Limit","price": "60.87","orderQty": "3"}
2023-12-07 05:43:07,531 DEBUG org.adapter.controller.Controller: Limit Order Created, data: {"symbol": "SOLUSD","side": "Buy","ordType": "Limit","price": "60.44","orderQty": "3"}
2023-12-07 05:43:07,624 DEBUG org.adapter.controller.Controller: Limit Order Created, data: {"symbol": "SOLUSD","side": "Buy","ordType": "Limit","price": "60.01","orderQty": "3"}
2023-12-07 05:43:07,702 DEBUG org.adapter.controller.Controller: Limit Order Created, data: {"symbol": "SOLUSD","side": "Buy","ordType": "Limit","price": "59.58","orderQty": "3"}
2023-12-07 05:43:07,812 DEBUG org.adapter.controller.Controller: Limit Order Created, data: {"symbol": "SOLUSD","side": "Buy","ordType": "Limit","price": "59.16","orderQty": "3"}
2023-12-07 05:43:07,890 DEBUG org.adapter.controller.Controller: Limit Order Created, data: {"symbol": "SOLUSD","side": "Buy","ordType": "Limit","price": "58.74","orderQty": "3"}
2023-12-07 05:43:07,984 DEBUG org.adapter.controller.Controller: Limit Order Created, data: {"symbol": "SOLUSD","side": "Buy","ordType": "Limit","price": "58.32","orderQty": "3"}
2023-12-07 05:43:08,093 DEBUG org.adapter.controller.Controller: Limit Order Created, data: {"symbol": "SOLUSD","side": "Buy","ordType": "Limit","price": "57.91","orderQty": "3"}
2023-12-07 05:43:08,343 DEBUG org.adapter.controller.Controller: Limit Order Created, data: {"symbol": "SOLUSD","side": "Buy","ordType": "Limit","price": "57.5","orderQty": "3"}
2023-12-07 05:43:08,437 DEBUG org.adapter.controller.Controller: Limit Order Created, data: {"symbol": "SOLUSD","side": "Buy","ordType": "Limit","price": "57.09","orderQty": "3"}
2023-12-07 05:43:08,515 DEBUG org.adapter.controller.Controller: Limit Order Created, data: {"symbol": "SOLUSD","side": "Buy","ordType": "Limit","price": "56.69","orderQty": "3"}
2023-12-07 05:43:08,609 DEBUG org.adapter.controller.Controller: Limit Order Created, data: {"symbol": "SOLUSD","side": "Buy","ordType": "Limit","price": "56.29","orderQty": "3"}
2023-12-07 06:06:30,831 DEBUG org.adapter.controller.Controller: Position close for ticker: SOLUSD
2023-12-07 06:32:55,622 DEBUG org.adapter.controller.Controller: Market Order Created, data: {"symbol": "SOLUSD","side": "Buy","orderQty": "3.0"}
2023-12-07 06:32:56,809 DEBUG org.adapter.controller.Controller: Limit Order Created, data: {"symbol": "SOLUSD","side": "Buy","ordType": "Limit","price": "62.98","orderQty": "3"}
2023-12-07 06:32:56,903 DEBUG org.adapter.controller.Controller: Limit Order Created, data: {"symbol": "SOLUSD","side": "Buy","ordType": "Limit","price": "62.53","orderQty": "3"}
2023-12-07 06:32:56,997 DEBUG org.adapter.controller.Controller: Limit Order Created, data: {"symbol": "SOLUSD","side": "Buy","ordType": "Limit","price": "62.09","orderQty": "3"}
2023-12-07 06:32:57,075 DEBUG org.adapter.controller.Controller: Limit Order Created, data: {"symbol": "SOLUSD","side": "Buy","ordType": "Limit","price": "61.65","orderQty": "3"}
2023-12-07 06:32:57,169 DEBUG org.adapter.controller.Controller: Limit Order Created, data: {"symbol": "SOLUSD","side": "Buy","ordType": "Limit","price": "61.21","orderQty": "3"}
2023-12-07 06:32:57,403 DEBUG org.adapter.controller.Controller: Limit Order Created, data: {"symbol": "SOLUSD","side": "Buy","ordType": "Limit","price": "60.78","orderQty": "3"}
2023-12-07 06:32:57,497 DEBUG org.adapter.controller.Controller: Limit Order Created, data: {"symbol": "SOLUSD","side": "Buy","ordType": "Limit","price": "60.35","orderQty": "3"}
2023-12-07 06:32:57,590 DEBUG org.adapter.controller.Controller: Limit Order Created, data: {"symbol": "SOLUSD","side": "Buy","ordType": "Limit","price": "59.92","orderQty": "3"}
2023-12-07 06:32:57,684 DEBUG org.adapter.controller.Controller: Limit Order Created, data: {"symbol": "SOLUSD","side": "Buy","ordType": "Limit","price": "59.5","orderQty": "3"}
2023-12-07 06:32:57,778 DEBUG org.adapter.controller.Controller: Limit Order Created, data: {"symbol": "SOLUSD","side": "Buy","ordType": "Limit","price": "59.08","orderQty": "3"}
2023-12-07 06:32:57,872 DEBUG org.adapter.controller.Controller: Limit Order Created, data: {"symbol": "SOLUSD","side": "Buy","ordType": "Limit","price": "58.66","orderQty": "3"}
2023-12-07 06:32:57,950 DEBUG org.adapter.controller.Controller: Limit Order Created, data: {"symbol": "SOLUSD","side": "Buy","ordType": "Limit","price": "58.24","orderQty": "3"}
2023-12-07 06:32:58,044 DEBUG org.adapter.controller.Controller: Limit Order Created, data: {"symbol": "SOLUSD","side": "Buy","ordType": "Limit","price": "57.83","orderQty": "3"}
2023-12-07 06:32:58,122 DEBUG org.adapter.controller.Controller: Limit Order Created, data: {"symbol": "SOLUSD","side": "Buy","ordType": "Limit","price": "57.42","orderQty": "3"}
2023-12-07 06:32:58,200 DEBUG org.adapter.controller.Controller: Limit Order Created, data: {"symbol": "SOLUSD","side": "Buy","ordType": "Limit","price": "57.01","orderQty": "3"}
2023-12-07 16:23:33,268 DEBUG org.adapter.model.User: New user created for https://www.bitmex.com
2023-12-07 16:25:14,301 DEBUG org.adapter.model.User: New user created for https://www.bitmex.com
2023-12-07 16:25:35,881 DEBUG org.adapter.controller.Controller: Market Order Created, data: {"symbol": "SOLUSD","side": "Buy","orderQty": "2.0"}
2023-12-07 16:25:37,151 DEBUG org.adapter.controller.Controller: Limit Order Created, data: {"symbol": "SOLUSD","side": "Buy","ordType": "Limit","price": "63.73","orderQty": "2"}
2023-12-07 16:25:37,426 DEBUG org.adapter.controller.Controller: Limit Order Created, data: {"symbol": "SOLUSD","side": "Buy","ordType": "Limit","price": "63.47","orderQty": "2"}
2023-12-07 16:25:37,538 DEBUG org.adapter.controller.Controller: Limit Order Created, data: {"symbol": "SOLUSD","side": "Buy","ordType": "Limit","price": "63.21","orderQty": "2"}
2023-12-07 16:25:37,640 DEBUG org.adapter.controller.Controller: Limit Order Created, data: {"symbol": "SOLUSD","side": "Buy","ordType": "Limit","price": "62.95","orderQty": "2"}
2023-12-07 16:25:37,744 DEBUG org.adapter.controller.Controller: Limit Order Created, data: {"symbol": "SOLUSD","side": "Buy","ordType": "Limit","price": "62.69","orderQty": "2"}
2023-12-07 16:25:37,848 DEBUG org.adapter.controller.Controller: Limit Order Created, data: {"symbol": "SOLUSD","side": "Buy","ordType": "Limit","price": "62.43","orderQty": "2"}
2023-12-07 16:25:37,942 DEBUG org.adapter.controller.Controller: Limit Order Created, data: {"symbol": "SOLUSD","side": "Buy","ordType": "Limit","price": "62.18","orderQty": "2"}
2023-12-07 16:25:38,070 DEBUG org.adapter.controller.Controller: Limit Order Created, data: {"symbol": "SOLUSD","side": "Buy","ordType": "Limit","price": "61.93","orderQty": "2"}
2023-12-07 16:25:38,180 DEBUG org.adapter.controller.Controller: Limit Order Created, data: {"symbol": "SOLUSD","side": "Buy","ordType": "Limit","price": "61.68","orderQty": "2"}
2023-12-07 16:25:38,297 DEBUG org.adapter.controller.Controller: Limit Order Created, data: {"symbol": "SOLUSD","side": "Buy","ordType": "Limit","price": "61.43","orderQty": "2"}
2023-12-07 16:25:38,411 DEBUG org.adapter.controller.Controller: Limit Order Created, data: {"symbol": "SOLUSD","side": "Buy","ordType": "Limit","price": "61.18","orderQty": "2"}
2023-12-07 16:25:38,511 DEBUG org.adapter.controller.Controller: Limit Order Created, data: {"symbol": "SOLUSD","side": "Buy","ordType": "Limit","price": "60.93","orderQty": "2"}
2023-12-07 16:25:38,619 DEBUG org.adapter.controller.Controller: Limit Order Created, data: {"symbol": "SOLUSD","side": "Buy","ordType": "Limit","price": "60.68","orderQty": "2"}
2023-12-07 16:25:38,721 DEBUG org.adapter.controller.Controller: Limit Order Created, data: {"symbol": "SOLUSD","side": "Buy","ordType": "Limit","price": "60.43","orderQty": "2"}
2023-12-07 16:25:38,806 DEBUG org.adapter.controller.Controller: Limit Order Created, data: {"symbol": "SOLUSD","side": "Buy","ordType": "Limit","price": "60.18","orderQty": "2"}
2023-12-07 16:32:44,657 DEBUG org.adapter.model.User: New user created for https://www.bitmex.com
2023-12-07 16:40:57,147 DEBUG org.adapter.controller.Controller: Market Order Created, data: {"symbol": "SOLUSD","side": "Buy","orderQty": "2.0"}
2023-12-07 16:40:58,345 DEBUG org.adapter.controller.Controller: Limit Order Created, data: {"symbol": "SOLUSD","side": "Buy","ordType": "Limit","price": "64.0","orderQty": "2"}
2023-12-07 16:40:58,462 DEBUG org.adapter.controller.Controller: Limit Order Created, data: {"symbol": "SOLUSD","side": "Buy","ordType": "Limit","price": "63.74","orderQty": "2"}
2023-12-07 16:40:58,556 DEBUG org.adapter.controller.Controller: Limit Order Created, data: {"symbol": "SOLUSD","side": "Buy","ordType": "Limit","price": "63.48","orderQty": "2"}
2023-12-07 16:40:58,671 DEBUG org.adapter.controller.Controller: Limit Order Created, data: {"symbol": "SOLUSD","side": "Buy","ordType": "Limit","price": "63.22","orderQty": "2"}
2023-12-07 16:40:58,767 DEBUG org.adapter.controller.Controller: Limit Order Created, data: {"symbol": "SOLUSD","side": "Buy","ordType": "Limit","price": "62.96","orderQty": "2"}
2023-12-07 16:40:58,856 DEBUG org.adapter.controller.Controller: Limit Order Created, data: {"symbol": "SOLUSD","side": "Buy","ordType": "Limit","price": "62.7","orderQty": "2"}
2023-12-07 16:40:58,952 DEBUG org.adapter.controller.Controller: Limit Order Created, data: {"symbol": "SOLUSD","side": "Buy","ordType": "Limit","price": "62.44","orderQty": "2"}
2023-12-07 16:40:59,048 DEBUG org.adapter.controller.Controller: Limit Order Created, data: {"symbol": "SOLUSD","side": "Buy","ordType": "Limit","price": "62.19","orderQty": "2"}
2023-12-07 16:40:59,143 DEBUG org.adapter.controller.Controller: Limit Order Created, data: {"symbol": "SOLUSD","side": "Buy","ordType": "Limit","price": "61.94","orderQty": "2"}
2023-12-07 16:40:59,241 DEBUG org.adapter.controller.Controller: Limit Order Created, data: {"symbol": "SOLUSD","side": "Buy","ordType": "Limit","price": "61.69","orderQty": "2"}
2023-12-07 16:40:59,339 DEBUG org.adapter.controller.Controller: Limit Order Created, data: {"symbol": "SOLUSD","side": "Buy","ordType": "Limit","price": "61.44","orderQty": "2"}
2023-12-07 16:40:59,448 DEBUG org.adapter.controller.Controller: Limit Order Created, data: {"symbol": "SOLUSD","side": "Buy","ordType": "Limit","price": "61.19","orderQty": "2"}
2023-12-07 16:40:59,553 DEBUG org.adapter.controller.Controller: Limit Order Created, data: {"symbol": "SOLUSD","side": "Buy","ordType": "Limit","price": "60.94","orderQty": "2"}
2023-12-07 16:40:59,635 DEBUG org.adapter.controller.Controller: Limit Order Created, data: {"symbol": "SOLUSD","side": "Buy","ordType": "Limit","price": "60.69","orderQty": "2"}
2023-12-07 16:40:59,737 DEBUG org.adapter.controller.Controller: Limit Order Created, data: {"symbol": "SOLUSD","side": "Buy","ordType": "Limit","price": "60.44","orderQty": "2"}
2023-12-07 17:12:41,008 DEBUG org.adapter.controller.Controller: Market Order Created, data: {"symbol": "SOLUSD","side": "Buy","orderQty": "2.0"}
2023-12-07 17:12:42,308 DEBUG org.adapter.controller.Controller: Limit Order Created, data: {"symbol": "SOLUSD","side": "Buy","ordType": "Limit","price": "63.94","orderQty": "2"}
2023-12-07 17:12:42,499 DEBUG org.adapter.controller.Controller: Limit Order Created, data: {"symbol": "SOLUSD","side": "Buy","ordType": "Limit","price": "63.68","orderQty": "2"}
2023-12-07 17:12:42,793 DEBUG org.adapter.controller.Controller: Limit Order Created, data: {"symbol": "SOLUSD","side": "Buy","ordType": "Limit","price": "63.42","orderQty": "2"}
2023-12-07 17:12:43,618 DEBUG org.adapter.controller.Controller: Limit Order Created, data: {"symbol": "SOLUSD","side": "Buy","ordType": "Limit","price": "63.16","orderQty": "2"}
2023-12-07 17:12:43,718 DEBUG org.adapter.controller.Controller: Limit Order Created, data: {"symbol": "SOLUSD","side": "Buy","ordType": "Limit","price": "62.9","orderQty": "2"}
2023-12-07 17:12:43,966 DEBUG org.adapter.controller.Controller: Limit Order Created, data: {"symbol": "SOLUSD","side": "Buy","ordType": "Limit","price": "62.64","orderQty": "2"}
2023-12-07 17:12:44,066 DEBUG org.adapter.controller.Controller: Limit Order Created, data: {"symbol": "SOLUSD","side": "Buy","ordType": "Limit","price": "62.38","orderQty": "2"}
2023-12-07 17:12:44,166 DEBUG org.adapter.controller.Controller: Limit Order Created, data: {"symbol": "SOLUSD","side": "Buy","ordType": "Limit","price": "62.13","orderQty": "2"}
2023-12-07 17:12:44,280 DEBUG org.adapter.controller.Controller: Limit Order Created, data: {"symbol": "SOLUSD","side": "Buy","ordType": "Limit","price": "61.88","orderQty": "2"}
2023-12-07 17:12:44,390 DEBUG org.adapter.controller.Controller: Limit Order Created, data: {"symbol": "SOLUSD","side": "Buy","ordType": "Limit","price": "61.63","orderQty": "2"}
2023-12-07 17:12:44,489 DEBUG org.adapter.controller.Controller: Limit Order Created, data: {"symbol": "SOLUSD","side": "Buy","ordType": "Limit","price": "61.38","orderQty": "2"}
2023-12-07 17:12:44,768 DEBUG org.adapter.controller.Controller: Limit Order Created, data: {"symbol": "SOLUSD","side": "Buy","ordType": "Limit","price": "61.13","orderQty": "2"}
2023-12-07 17:12:44,862 DEBUG org.adapter.controller.Controller: Limit Order Created, data: {"symbol": "SOLUSD","side": "Buy","ordType": "Limit","price": "60.88","orderQty": "2"}
2023-12-07 17:12:44,965 DEBUG org.adapter.controller.Controller: Limit Order Created, data: {"symbol": "SOLUSD","side": "Buy","ordType": "Limit","price": "60.63","orderQty": "2"}
2023-12-07 17:12:45,058 DEBUG org.adapter.controller.Controller: Limit Order Created, data: {"symbol": "SOLUSD","side": "Buy","ordType": "Limit","price": "60.38","orderQty": "2"}
2023-12-07 17:40:27,637 DEBUG org.adapter.controller.Controller: Position close for ticker: SOLUSD
2023-12-07 17:47:37,836 DEBUG org.adapter.controller.Controller: Market Order Created, data: {"symbol": "SOLUSD","side": "Buy","orderQty": "2.0"}
2023-12-07 17:47:39,668 DEBUG org.adapter.controller.Controller: Limit Order Created, data: {"symbol": "SOLUSD","side": "Buy","ordType": "Limit","price": "65.49","orderQty": "2"}
2023-12-07 17:47:39,767 DEBUG org.adapter.controller.Controller: Limit Order Created, data: {"symbol": "SOLUSD","side": "Buy","ordType": "Limit","price": "65.22","orderQty": "2"}
2023-12-07 17:47:39,869 DEBUG org.adapter.controller.Controller: Limit Order Created, data: {"symbol": "SOLUSD","side": "Buy","ordType": "Limit","price": "64.95","orderQty": "2"}
2023-12-07 17:47:39,967 DEBUG org.adapter.controller.Controller: Limit Order Created, data: {"symbol": "SOLUSD","side": "Buy","ordType": "Limit","price": "64.69","orderQty": "2"}
2023-12-07 17:47:40,058 DEBUG org.adapter.controller.Controller: Limit Order Created, data: {"symbol": "SOLUSD","side": "Buy","ordType": "Limit","price": "64.43","orderQty": "2"}
2023-12-07 17:47:40,153 DEBUG org.adapter.controller.Controller: Limit Order Created, data: {"symbol": "SOLUSD","side": "Buy","ordType": "Limit","price": "64.17","orderQty": "2"}
2023-12-07 17:47:40,239 DEBUG org.adapter.controller.Controller: Limit Order Created, data: {"symbol": "SOLUSD","side": "Buy","ordType": "Limit","price": "63.91","orderQty": "2"}
2023-12-07 17:47:40,490 DEBUG org.adapter.controller.Controller: Limit Order Created, data: {"symbol": "SOLUSD","side": "Buy","ordType": "Limit","price": "63.65","orderQty": "2"}
2023-12-07 17:47:40,583 DEBUG org.adapter.controller.Controller: Limit Order Created, data: {"symbol": "SOLUSD","side": "Buy","ordType": "Limit","price": "63.39","orderQty": "2"}
2023-12-07 17:47:40,683 DEBUG org.adapter.controller.Controller: Limit Order Created, data: {"symbol": "SOLUSD","side": "Buy","ordType": "Limit","price": "63.13","orderQty": "2"}
2023-12-07 17:47:40,782 DEBUG org.adapter.controller.Controller: Limit Order Created, data: {"symbol": "SOLUSD","side": "Buy","ordType": "Limit","price": "62.87","orderQty": "2"}
2023-12-07 17:47:40,882 DEBUG org.adapter.controller.Controller: Limit Order Created, data: {"symbol": "SOLUSD","side": "Buy","ordType": "Limit","price": "62.61","orderQty": "2"}
2023-12-07 17:47:40,972 DEBUG org.adapter.controller.Controller: Limit Order Created, data: {"symbol": "SOLUSD","side": "Buy","ordType": "Limit","price": "62.35","orderQty": "2"}
2023-12-07 17:47:41,069 DEBUG org.adapter.controller.Controller: Limit Order Created, data: {"symbol": "SOLUSD","side": "Buy","ordType": "Limit","price": "62.1","orderQty": "2"}
2023-12-07 17:47:41,168 DEBUG org.adapter.controller.Controller: Limit Order Created, data: {"symbol": "SOLUSD","side": "Buy","ordType": "Limit","price": "61.85","orderQty": "2"}
2023-12-07 18:30:14,783 DEBUG org.adapter.controller.Controller: Market Order Created, data: {"symbol": "SOLUSD","side": "Buy","orderQty": "2.0"}
2023-12-07 18:30:16,164 DEBUG org.adapter.controller.Controller: Limit Order Created, data: {"symbol": "SOLUSD","side": "Buy","ordType": "Limit","price": "65.3","orderQty": "2"}
2023-12-07 18:30:16,260 DEBUG org.adapter.controller.Controller: Limit Order Created, data: {"symbol": "SOLUSD","side": "Buy","ordType": "Limit","price": "65.03","orderQty": "2"}
2023-12-07 18:30:16,365 DEBUG org.adapter.controller.Controller: Limit Order Created, data: {"symbol": "SOLUSD","side": "Buy","ordType": "Limit","price": "64.76","orderQty": "2"}
2023-12-07 18:30:16,465 DEBUG org.adapter.controller.Controller: Limit Order Created, data: {"symbol": "SOLUSD","side": "Buy","ordType": "Limit","price": "64.5","orderQty": "2"}
2023-12-07 18:30:16,558 DEBUG org.adapter.controller.Controller: Limit Order Created, data: {"symbol": "SOLUSD","side": "Buy","ordType": "Limit","price": "64.24","orderQty": "2"}
2023-12-07 18:30:16,645 DEBUG org.adapter.controller.Controller: Limit Order Created, data: {"symbol": "SOLUSD","side": "Buy","ordType": "Limit","price": "63.98","orderQty": "2"}
2023-12-07 18:30:16,735 DEBUG org.adapter.controller.Controller: Limit Order Created, data: {"symbol": "SOLUSD","side": "Buy","ordType": "Limit","price": "63.72","orderQty": "2"}
2023-12-07 18:30:16,828 DEBUG org.adapter.controller.Controller: Limit Order Created, data: {"symbol": "SOLUSD","side": "Buy","ordType": "Limit","price": "63.46","orderQty": "2"}
2023-12-07 18:30:16,917 DEBUG org.adapter.controller.Controller: Limit Order Created, data: {"symbol": "SOLUSD","side": "Buy","ordType": "Limit","price": "63.2","orderQty": "2"}
2023-12-07 18:30:17,010 DEBUG org.adapter.controller.Controller: Limit Order Created, data: {"symbol": "SOLUSD","side": "Buy","ordType": "Limit","price": "62.94","orderQty": "2"}
2023-12-07 18:30:17,124 DEBUG org.adapter.controller.Controller: Limit Order Created, data: {"symbol": "SOLUSD","side": "Buy","ordType": "Limit","price": "62.68","orderQty": "2"}
2023-12-07 18:30:17,252 DEBUG org.adapter.controller.Controller: Limit Order Created, data: {"symbol": "SOLUSD","side": "Buy","ordType": "Limit","price": "62.42","orderQty": "2"}
2023-12-07 18:30:17,351 DEBUG org.adapter.controller.Controller: Limit Order Created, data: {"symbol": "SOLUSD","side": "Buy","ordType": "Limit","price": "62.17","orderQty": "2"}
2023-12-07 18:30:17,448 DEBUG org.adapter.controller.Controller: Limit Order Created, data: {"symbol": "SOLUSD","side": "Buy","ordType": "Limit","price": "61.92","orderQty": "2"}
2023-12-07 18:30:17,551 DEBUG org.adapter.controller.Controller: Limit Order Created, data: {"symbol": "SOLUSD","side": "Buy","ordType": "Limit","price": "61.67","orderQty": "2"}
2023-12-07 19:02:00,186 DEBUG org.adapter.controller.Controller: Market Order Created, data: {"symbol": "SOLUSD","side": "Buy","orderQty": "2.0"}
2023-12-07 19:02:01,414 DEBUG org.adapter.controller.Controller: Limit Order Created, data: {"symbol": "SOLUSD","side": "Buy","ordType": "Limit","price": "65.38","orderQty": "2"}
2023-12-07 19:02:01,507 DEBUG org.adapter.controller.Controller: Limit Order Created, data: {"symbol": "SOLUSD","side": "Buy","ordType": "Limit","price": "65.11","orderQty": "2"}
2023-12-07 19:02:01,603 DEBUG org.adapter.controller.Controller: Limit Order Created, data: {"symbol": "SOLUSD","side": "Buy","ordType": "Limit","price": "64.84","orderQty": "2"}
2023-12-07 19:02:01,700 DEBUG org.adapter.controller.Controller: Limit Order Created, data: {"symbol": "SOLUSD","side": "Buy","ordType": "Limit","price": "64.58","orderQty": "2"}
2023-12-07 19:02:01,809 DEBUG org.adapter.controller.Controller: Limit Order Created, data: {"symbol": "SOLUSD","side": "Buy","ordType": "Limit","price": "64.32","orderQty": "2"}
2023-12-07 19:02:01,898 DEBUG org.adapter.controller.Controller: Limit Order Created, data: {"symbol": "SOLUSD","side": "Buy","ordType": "Limit","price": "64.06","orderQty": "2"}
2023-12-07 19:02:02,000 DEBUG org.adapter.controller.Controller: Limit Order Created, data: {"symbol": "SOLUSD","side": "Buy","ordType": "Limit","price": "63.8","orderQty": "2"}
2023-12-07 19:02:02,103 DEBUG org.adapter.controller.Controller: Limit Order Created, data: {"symbol": "SOLUSD","side": "Buy","ordType": "Limit","price": "63.54","orderQty": "2"}
2023-12-07 19:02:02,360 DEBUG org.adapter.controller.Controller: Limit Order Created, data: {"symbol": "SOLUSD","side": "Buy","ordType": "Limit","price": "63.28","orderQty": "2"}
2023-12-07 19:02:02,458 DEBUG org.adapter.controller.Controller: Limit Order Created, data: {"symbol": "SOLUSD","side": "Buy","ordType": "Limit","price": "63.02","orderQty": "2"}
2023-12-07 19:02:02,581 DEBUG org.adapter.controller.Controller: Limit Order Created, data: {"symbol": "SOLUSD","side": "Buy","ordType": "Limit","price": "62.76","orderQty": "2"}
2023-12-07 19:02:02,666 DEBUG org.adapter.controller.Controller: Limit Order Created, data: {"symbol": "SOLUSD","side": "Buy","ordType": "Limit","price": "62.5","orderQty": "2"}
2023-12-07 19:02:02,760 DEBUG org.adapter.controller.Controller: Limit Order Created, data: {"symbol": "SOLUSD","side": "Buy","ordType": "Limit","price": "62.25","orderQty": "2"}
2023-12-07 19:02:02,864 DEBUG org.adapter.controller.Controller: Limit Order Created, data: {"symbol": "SOLUSD","side": "Buy","ordType": "Limit","price": "62.0","orderQty": "2"}
2023-12-07 19:02:02,978 DEBUG org.adapter.controller.Controller: Limit Order Created, data: {"symbol": "SOLUSD","side": "Buy","ordType": "Limit","price": "61.75","orderQty": "2"}
2023-12-07 19:23:50,079 DEBUG org.adapter.model.User: New user created for https://www.bitmex.com
2023-12-07 19:25:08,687 DEBUG org.adapter.model.User: New user created for https://www.bitmex.com
2023-12-07 19:39:26,707 DEBUG org.adapter.controller.Controller: Market Order Created, data: {"symbol": "SOLUSD","side": "Buy","orderQty": "2.0"}
2023-12-07 19:39:27,911 DEBUG org.adapter.controller.Controller: Limit Order Created, data: {"symbol": "SOLUSD","side": "Buy","ordType": "Limit","price": "66.67","orderQty": "2"}
2023-12-07 19:39:28,033 DEBUG org.adapter.controller.Controller: Limit Order Created, data: {"symbol": "SOLUSD","side": "Buy","ordType": "Limit","price": "66.33","orderQty": "2"}
2023-12-07 19:39:28,126 DEBUG org.adapter.controller.Controller: Limit Order Created, data: {"symbol": "SOLUSD","side": "Buy","ordType": "Limit","price": "65.99","orderQty": "2"}
2023-12-07 19:39:28,232 DEBUG org.adapter.controller.Controller: Limit Order Created, data: {"symbol": "SOLUSD","side": "Buy","ordType": "Limit","price": "65.66","orderQty": "2"}
2023-12-07 19:39:28,333 DEBUG org.adapter.controller.Controller: Limit Order Created, data: {"symbol": "SOLUSD","side": "Buy","ordType": "Limit","price": "65.33","orderQty": "2"}
2023-12-07 19:39:28,435 DEBUG org.adapter.controller.Controller: Limit Order Created, data: {"symbol": "SOLUSD","side": "Buy","ordType": "Limit","price": "65.0","orderQty": "2"}
2023-12-07 19:39:28,526 DEBUG org.adapter.controller.Controller: Limit Order Created, data: {"symbol": "SOLUSD","side": "Buy","ordType": "Limit","price": "64.67","orderQty": "2"}
2023-12-07 19:39:28,622 DEBUG org.adapter.controller.Controller: Limit Order Created, data: {"symbol": "SOLUSD","side": "Buy","ordType": "Limit","price": "64.34","orderQty": "2"}
2023-12-07 19:39:28,729 DEBUG org.adapter.controller.Controller: Limit Order Created, data: {"symbol": "SOLUSD","side": "Buy","ordType": "Limit","price": "64.01","orderQty": "2"}
2023-12-07 19:39:28,865 DEBUG org.adapter.controller.Controller: Limit Order Created, data: {"symbol": "SOLUSD","side": "Buy","ordType": "Limit","price": "63.68","orderQty": "2"}
2023-12-07 19:39:28,960 DEBUG org.adapter.controller.Controller: Limit Order Created, data: {"symbol": "SOLUSD","side": "Buy","ordType": "Limit","price": "63.36","orderQty": "2"}
2023-12-07 19:39:29,080 DEBUG org.adapter.controller.Controller: Limit Order Created, data: {"symbol": "SOLUSD","side": "Buy","ordType": "Limit","price": "63.04","orderQty": "2"}
2023-12-07 19:39:29,202 DEBUG org.adapter.controller.Controller: Limit Order Created, data: {"symbol": "SOLUSD","side": "Buy","ordType": "Limit","price": "62.72","orderQty": "2"}
2023-12-07 19:39:29,453 DEBUG org.adapter.controller.Controller: Limit Order Created, data: {"symbol": "SOLUSD","side": "Buy","ordType": "Limit","price": "62.4","orderQty": "2"}
2023-12-07 19:39:29,559 DEBUG org.adapter.controller.Controller: Limit Order Created, data: {"symbol": "SOLUSD","side": "Buy","ordType": "Limit","price": "62.08","orderQty": "2"}
2023-12-07 19:39:29,660 DEBUG org.adapter.controller.Controller: Limit Order Created, data: {"symbol": "SOLUSD","side": "Buy","ordType": "Limit","price": "61.76","orderQty": "2"}
2023-12-07 19:39:29,761 DEBUG org.adapter.controller.Controller: Limit Order Created, data: {"symbol": "SOLUSD","side": "Buy","ordType": "Limit","price": "61.45","orderQty": "2"}
2023-12-07 19:39:29,875 DEBUG org.adapter.controller.Controller: Limit Order Created, data: {"symbol": "SOLUSD","side": "Buy","ordType": "Limit","price": "61.14","orderQty": "2"}
2023-12-07 19:39:29,981 DEBUG org.adapter.controller.Controller: Limit Order Created, data: {"symbol": "SOLUSD","side": "Buy","ordType": "Limit","price": "60.83","orderQty": "2"}
2023-12-07 19:39:30,083 DEBUG org.adapter.controller.Controller: Limit Order Created, data: {"symbol": "SOLUSD","side": "Buy","ordType": "Limit","price": "60.52","orderQty": "2"}
2023-12-07 20:14:13,198 DEBUG org.adapter.controller.Controller: Market Order Created, data: {"symbol": "SOLUSD","side": "Buy","orderQty": "2.0"}
2023-12-07 20:14:14,419 DEBUG org.adapter.controller.Controller: Limit Order Created, data: {"symbol": "SOLUSD","side": "Buy","ordType": "Limit","price": "66.04","orderQty": "2"}
2023-12-07 20:14:14,520 DEBUG org.adapter.controller.Controller: Limit Order Created, data: {"symbol": "SOLUSD","side": "Buy","ordType": "Limit","price": "65.7","orderQty": "2"}
2023-12-07 20:14:14,623 DEBUG org.adapter.controller.Controller: Limit Order Created, data: {"symbol": "SOLUSD","side": "Buy","ordType": "Limit","price": "65.37","orderQty": "2"}
2023-12-07 20:14:14,715 DEBUG org.adapter.controller.Controller: Limit Order Created, data: {"symbol": "SOLUSD","side": "Buy","ordType": "Limit","price": "65.04","orderQty": "2"}
2023-12-07 20:14:14,805 DEBUG org.adapter.controller.Controller: Limit Order Created, data: {"symbol": "SOLUSD","side": "Buy","ordType": "Limit","price": "64.71","orderQty": "2"}
2023-12-07 20:14:14,893 DEBUG org.adapter.controller.Controller: Limit Order Created, data: {"symbol": "SOLUSD","side": "Buy","ordType": "Limit","price": "64.38","orderQty": "2"}
2023-12-07 20:14:15,151 DEBUG org.adapter.controller.Controller: Limit Order Created, data: {"symbol": "SOLUSD","side": "Buy","ordType": "Limit","price": "64.05","orderQty": "2"}
2023-12-07 20:14:15,245 DEBUG org.adapter.controller.Controller: Limit Order Created, data: {"symbol": "SOLUSD","side": "Buy","ordType": "Limit","price": "63.72","orderQty": "2"}
2023-12-07 20:14:15,340 DEBUG org.adapter.controller.Controller: Limit Order Created, data: {"symbol": "SOLUSD","side": "Buy","ordType": "Limit","price": "63.4","orderQty": "2"}
2023-12-07 20:14:15,449 DEBUG org.adapter.controller.Controller: Limit Order Created, data: {"symbol": "SOLUSD","side": "Buy","ordType": "Limit","price": "63.08","orderQty": "2"}
2023-12-07 20:14:15,557 DEBUG org.adapter.controller.Controller: Limit Order Created, data: {"symbol": "SOLUSD","side": "Buy","ordType": "Limit","price": "62.76","orderQty": "2"}
2023-12-07 20:14:15,663 DEBUG org.adapter.controller.Controller: Limit Order Created, data: {"symbol": "SOLUSD","side": "Buy","ordType": "Limit","price": "62.44","orderQty": "2"}
2023-12-07 20:14:15,764 DEBUG org.adapter.controller.Controller: Limit Order Created, data: {"symbol": "SOLUSD","side": "Buy","ordType": "Limit","price": "62.12","orderQty": "2"}
2023-12-07 20:14:15,859 DEBUG org.adapter.controller.Controller: Limit Order Created, data: {"symbol": "SOLUSD","side": "Buy","ordType": "Limit","price": "61.8","orderQty": "2"}
2023-12-07 20:14:15,967 DEBUG org.adapter.controller.Controller: Limit Order Created, data: {"symbol": "SOLUSD","side": "Buy","ordType": "Limit","price": "61.49","orderQty": "2"}
2023-12-07 20:14:16,072 DEBUG org.adapter.controller.Controller: Limit Order Created, data: {"symbol": "SOLUSD","side": "Buy","ordType": "Limit","price": "61.18","orderQty": "2"}
2023-12-07 20:14:16,188 DEBUG org.adapter.controller.Controller: Limit Order Created, data: {"symbol": "SOLUSD","side": "Buy","ordType": "Limit","price": "60.87","orderQty": "2"}
2023-12-07 20:14:16,312 DEBUG org.adapter.controller.Controller: Limit Order Created, data: {"symbol": "SOLUSD","side": "Buy","ordType": "Limit","price": "60.56","orderQty": "2"}
2023-12-07 20:14:16,413 DEBUG org.adapter.controller.Controller: Limit Order Created, data: {"symbol": "SOLUSD","side": "Buy","ordType": "Limit","price": "60.25","orderQty": "2"}
2023-12-07 20:14:16,503 DEBUG org.adapter.controller.Controller: Limit Order Created, data: {"symbol": "SOLUSD","side": "Buy","ordType": "Limit","price": "59.94","orderQty": "2"}
2023-12-07 20:54:45,525 DEBUG org.adapter.controller.Controller: Market Order Created, data: {"symbol": "SOLUSD","side": "Buy","orderQty": "2.0"}
2023-12-07 20:54:46,780 DEBUG org.adapter.controller.Controller: Limit Order Created, data: {"symbol": "SOLUSD","side": "Buy","ordType": "Limit","price": "65.8","orderQty": "2"}
2023-12-07 20:54:47,102 DEBUG org.adapter.controller.Controller: Limit Order Created, data: {"symbol": "SOLUSD","side": "Buy","ordType": "Limit","price": "65.47","orderQty": "2"}
2023-12-07 20:54:47,192 DEBUG org.adapter.controller.Controller: Limit Order Created, data: {"symbol": "SOLUSD","side": "Buy","ordType": "Limit","price": "65.14","orderQty": "2"}
2023-12-07 20:54:47,284 DEBUG org.adapter.controller.Controller: Limit Order Created, data: {"symbol": "SOLUSD","side": "Buy","ordType": "Limit","price": "64.81","orderQty": "2"}
2023-12-07 20:54:47,388 DEBUG org.adapter.controller.Controller: Limit Order Created, data: {"symbol": "SOLUSD","side": "Buy","ordType": "Limit","price": "64.48","orderQty": "2"}
2023-12-07 20:54:47,514 DEBUG org.adapter.controller.Controller: Limit Order Created, data: {"symbol": "SOLUSD","side": "Buy","ordType": "Limit","price": "64.15","orderQty": "2"}
2023-12-07 20:54:47,608 DEBUG org.adapter.controller.Controller: Limit Order Created, data: {"symbol": "SOLUSD","side": "Buy","ordType": "Limit","price": "63.82","orderQty": "2"}
2023-12-07 20:54:47,715 DEBUG org.adapter.controller.Controller: Limit Order Created, data: {"symbol": "SOLUSD","side": "Buy","ordType": "Limit","price": "63.5","orderQty": "2"}
2023-12-07 20:54:47,813 DEBUG org.adapter.controller.Controller: Limit Order Created, data: {"symbol": "SOLUSD","side": "Buy","ordType": "Limit","price": "63.18","orderQty": "2"}
2023-12-07 20:54:47,907 DEBUG org.adapter.controller.Controller: Limit Order Created, data: {"symbol": "SOLUSD","side": "Buy","ordType": "Limit","price": "62.86","orderQty": "2"}
2023-12-07 20:54:48,013 DEBUG org.adapter.controller.Controller: Limit Order Created, data: {"symbol": "SOLUSD","side": "Buy","ordType": "Limit","price": "62.54","orderQty": "2"}
2023-12-07 20:54:48,120 DEBUG org.adapter.controller.Controller: Limit Order Created, data: {"symbol": "SOLUSD","side": "Buy","ordType": "Limit","price": "62.22","orderQty": "2"}
2023-12-07 20:54:48,230 DEBUG org.adapter.controller.Controller: Limit Order Created, data: {"symbol": "SOLUSD","side": "Buy","ordType": "Limit","price": "61.9","orderQty": "2"}
2023-12-07 20:54:48,354 DEBUG org.adapter.controller.Controller: Limit Order Created, data: {"symbol": "SOLUSD","side": "Buy","ordType": "Limit","price": "61.59","orderQty": "2"}
2023-12-07 20:54:48,435 DEBUG org.adapter.controller.Controller: Limit Order Created, data: {"symbol": "SOLUSD","side": "Buy","ordType": "Limit","price": "61.28","orderQty": "2"}
2023-12-07 20:54:48,523 DEBUG org.adapter.controller.Controller: Limit Order Created, data: {"symbol": "SOLUSD","side": "Buy","ordType": "Limit","price": "60.97","orderQty": "2"}
2023-12-07 20:54:48,619 DEBUG org.adapter.controller.Controller: Limit Order Created, data: {"symbol": "SOLUSD","side": "Buy","ordType": "Limit","price": "60.66","orderQty": "2"}
2023-12-07 20:54:48,719 DEBUG org.adapter.controller.Controller: Limit Order Created, data: {"symbol": "SOLUSD","side": "Buy","ordType": "Limit","price": "60.35","orderQty": "2"}
2023-12-07 20:54:48,834 DEBUG org.adapter.controller.Controller: Limit Order Created, data: {"symbol": "SOLUSD","side": "Buy","ordType": "Limit","price": "60.04","orderQty": "2"}
2023-12-07 20:54:48,921 DEBUG org.adapter.controller.Controller: Limit Order Created, data: {"symbol": "SOLUSD","side": "Buy","ordType": "Limit","price": "59.73","orderQty": "2"}
2023-12-07 21:26:52,487 DEBUG org.adapter.controller.Controller: Market Order Created, data: {"symbol": "SOLUSD","side": "Buy","orderQty": "2.0"}
2023-12-07 21:26:53,778 DEBUG org.adapter.controller.Controller: Limit Order Created, data: {"symbol": "SOLUSD","side": "Buy","ordType": "Limit","price": "65.64","orderQty": "2"}
2023-12-07 21:26:53,899 DEBUG org.adapter.controller.Controller: Limit Order Created, data: {"symbol": "SOLUSD","side": "Buy","ordType": "Limit","price": "65.31","orderQty": "2"}
2023-12-07 21:26:54,028 DEBUG org.adapter.controller.Controller: Limit Order Created, data: {"symbol": "SOLUSD","side": "Buy","ordType": "Limit","price": "64.98","orderQty": "2"}
2023-12-07 21:26:54,124 DEBUG org.adapter.controller.Controller: Limit Order Created, data: {"symbol": "SOLUSD","side": "Buy","ordType": "Limit","price": "64.65","orderQty": "2"}
2023-12-07 21:26:54,219 DEBUG org.adapter.controller.Controller: Limit Order Created, data: {"symbol": "SOLUSD","side": "Buy","ordType": "Limit","price": "64.32","orderQty": "2"}
2023-12-07 21:26:54,318 DEBUG org.adapter.controller.Controller: Limit Order Created, data: {"symbol": "SOLUSD","side": "Buy","ordType": "Limit","price": "63.99","orderQty": "2"}
2023-12-07 21:26:54,437 DEBUG org.adapter.controller.Controller: Limit Order Created, data: {"symbol": "SOLUSD","side": "Buy","ordType": "Limit","price": "63.67","orderQty": "2"}
2023-12-07 21:26:54,549 DEBUG org.adapter.controller.Controller: Limit Order Created, data: {"symbol": "SOLUSD","side": "Buy","ordType": "Limit","price": "63.35","orderQty": "2"}
2023-12-07 21:26:54,682 DEBUG org.adapter.controller.Controller: Limit Order Created, data: {"symbol": "SOLUSD","side": "Buy","ordType": "Limit","price": "63.03","orderQty": "2"}
2023-12-07 21:26:54,785 DEBUG org.adapter.controller.Controller: Limit Order Created, data: {"symbol": "SOLUSD","side": "Buy","ordType": "Limit","price": "62.71","orderQty": "2"}
2023-12-07 21:26:54,884 DEBUG org.adapter.controller.Controller: Limit Order Created, data: {"symbol": "SOLUSD","side": "Buy","ordType": "Limit","price": "62.39","orderQty": "2"}
2023-12-07 21:26:54,988 DEBUG org.adapter.controller.Controller: Limit Order Created, data: {"symbol": "SOLUSD","side": "Buy","ordType": "Limit","price": "62.07","orderQty": "2"}
2023-12-07 21:26:55,099 DEBUG org.adapter.controller.Controller: Limit Order Created, data: {"symbol": "SOLUSD","side": "Buy","ordType": "Limit","price": "61.75","orderQty": "2"}
2023-12-07 21:26:55,237 DEBUG org.adapter.controller.Controller: Limit Order Created, data: {"symbol": "SOLUSD","side": "Buy","ordType": "Limit","price": "61.44","orderQty": "2"}
2023-12-07 21:26:55,337 DEBUG org.adapter.controller.Controller: Limit Order Created, data: {"symbol": "SOLUSD","side": "Buy","ordType": "Limit","price": "61.13","orderQty": "2"}
2023-12-07 21:26:55,487 DEBUG org.adapter.controller.Controller: Limit Order Created, data: {"symbol": "SOLUSD","side": "Buy","ordType": "Limit","price": "60.82","orderQty": "2"}
2023-12-07 21:26:55,601 DEBUG org.adapter.controller.Controller: Limit Order Created, data: {"symbol": "SOLUSD","side": "Buy","ordType": "Limit","price": "60.51","orderQty": "2"}
2023-12-07 21:26:55,803 DEBUG org.adapter.controller.Controller: Limit Order Created, data: {"symbol": "SOLUSD","side": "Buy","ordType": "Limit","price": "60.2","orderQty": "2"}
2023-12-07 21:26:55,931 DEBUG org.adapter.controller.Controller: Limit Order Created, data: {"symbol": "SOLUSD","side": "Buy","ordType": "Limit","price": "59.89","orderQty": "2"}
2023-12-07 21:26:56,037 DEBUG org.adapter.controller.Controller: Limit Order Created, data: {"symbol": "SOLUSD","side": "Buy","ordType": "Limit","price": "59.59","orderQty": "2"}
2023-12-07 21:58:15,205 DEBUG org.adapter.model.User: New user created for https://www.bitmex.com
2023-12-07 22:22:41,309 DEBUG org.adapter.model.User: New user created for https://www.bitmex.com
2023-12-07 22:37:06,246 DEBUG org.adapter.controller.Controller: Market Order Created, data: {"symbol": "SOLUSD","side": "Buy","orderQty": "2.0"}
2023-12-07 22:37:07,459 DEBUG org.adapter.controller.Controller: Limit Order Created, data: {"symbol": "SOLUSD","side": "Buy","ordType": "Limit","price": "65.24","orderQty": "2"}
2023-12-07 22:37:07,553 DEBUG org.adapter.controller.Controller: Limit Order Created, data: {"symbol": "SOLUSD","side": "Buy","ordType": "Limit","price": "64.78","orderQty": "2"}
2023-12-07 22:37:07,660 DEBUG org.adapter.controller.Controller: Limit Order Created, data: {"symbol": "SOLUSD","side": "Buy","ordType": "Limit","price": "64.32","orderQty": "2"}
2023-12-07 22:37:07,759 DEBUG org.adapter.controller.Controller: Limit Order Created, data: {"symbol": "SOLUSD","side": "Buy","ordType": "Limit","price": "63.86","orderQty": "2"}
2023-12-07 22:37:07,860 DEBUG org.adapter.controller.Controller: Limit Order Created, data: {"symbol": "SOLUSD","side": "Buy","ordType": "Limit","price": "63.41","orderQty": "2"}
2023-12-07 22:37:07,965 DEBUG org.adapter.controller.Controller: Limit Order Created, data: {"symbol": "SOLUSD","side": "Buy","ordType": "Limit","price": "62.96","orderQty": "2"}
2023-12-07 22:37:08,077 DEBUG org.adapter.controller.Controller: Limit Order Created, data: {"symbol": "SOLUSD","side": "Buy","ordType": "Limit","price": "62.51","orderQty": "2"}
2023-12-07 22:37:08,158 DEBUG org.adapter.controller.Controller: Limit Order Created, data: {"symbol": "SOLUSD","side": "Buy","ordType": "Limit","price": "62.07","orderQty": "2"}
2023-12-07 22:37:08,252 DEBUG org.adapter.controller.Controller: Limit Order Created, data: {"symbol": "SOLUSD","side": "Buy","ordType": "Limit","price": "61.63","orderQty": "2"}
2023-12-07 22:37:08,345 DEBUG org.adapter.controller.Controller: Limit Order Created, data: {"symbol": "SOLUSD","side": "Buy","ordType": "Limit","price": "61.19","orderQty": "2"}
2023-12-07 22:37:08,437 DEBUG org.adapter.controller.Controller: Limit Order Created, data: {"symbol": "SOLUSD","side": "Buy","ordType": "Limit","price": "60.76","orderQty": "2"}
2023-12-07 22:37:08,556 DEBUG org.adapter.controller.Controller: Limit Order Created, data: {"symbol": "SOLUSD","side": "Buy","ordType": "Limit","price": "60.33","orderQty": "2"}
2023-12-07 22:37:08,661 DEBUG org.adapter.controller.Controller: Limit Order Created, data: {"symbol": "SOLUSD","side": "Buy","ordType": "Limit","price": "59.9","orderQty": "2"}
2023-12-07 22:37:08,762 DEBUG org.adapter.controller.Controller: Limit Order Created, data: {"symbol": "SOLUSD","side": "Buy","ordType": "Limit","price": "59.48","orderQty": "2"}
2023-12-07 22:37:08,900 DEBUG org.adapter.controller.Controller: Limit Order Created, data: {"symbol": "SOLUSD","side": "Buy","ordType": "Limit","price": "59.06","orderQty": "2"}
2023-12-07 22:59:52,406 DEBUG org.adapter.model.User: New user created for https://www.bitmex.com
